d:\git\rtos\freertos-plus\sm13\rtu\debug\vc142.pdb
d:\git\rtos\freertos-plus\sm13\rtu\debug\vc142.idb
d:\git\rtos\freertos-plus\sm13\rtu\debug\task_trigger.sbr
d:\git\rtos\freertos-plus\sm13\rtu\debug\rtu_com_hmi.sbr
d:\git\rtos\freertos-plus\sm13\rtu\debug\pole.sbr
d:\git\rtos\freertos-plus\sm13\rtu\debug\net_values.sbr
d:\git\rtos\freertos-plus\sm13\rtu\debug\lift.sbr
d:\git\rtos\freertos-plus\sm13\rtu\debug\arm.sbr
d:\git\rtos\freertos-plus\sm13\rtu\debug\main.sbr
d:\git\rtos\freertos-plus\sm13\rtu\debug\demo_logging.sbr
d:\git\rtos\freertos-plus\sm13\rtu\debug\networkinterface.sbr
d:\git\rtos\freertos-plus\sm13\rtu\debug\bufferallocation_2.sbr
d:\git\rtos\freertos-plus\sm13\rtu\debug\freertos_udp_ip.sbr
d:\git\rtos\freertos-plus\sm13\rtu\debug\freertos_tcp_win.sbr
d:\git\rtos\freertos-plus\sm13\rtu\debug\freertos_tcp_ip.sbr
d:\git\rtos\freertos-plus\sm13\rtu\debug\freertos_stream_buffer.sbr
d:\git\rtos\freertos-plus\sm13\rtu\debug\freertos_sockets.sbr
d:\git\rtos\freertos-plus\sm13\rtu\debug\freertos_ip.sbr
d:\git\rtos\freertos-plus\sm13\rtu\debug\freertos_dns.sbr
d:\git\rtos\freertos-plus\sm13\rtu\debug\freertos_dhcp.sbr
d:\git\rtos\freertos-plus\sm13\rtu\debug\freertos_arp.sbr
d:\git\rtos\freertos-plus\sm13\rtu\debug\timers.sbr
d:\git\rtos\freertos-plus\sm13\rtu\debug\timers.obj
d:\git\rtos\freertos-plus\sm13\rtu\debug\freertos_arp.obj
d:\git\rtos\freertos-plus\sm13\rtu\debug\freertos_dhcp.obj
d:\git\rtos\freertos-plus\sm13\rtu\debug\freertos_dns.obj
d:\git\rtos\freertos-plus\sm13\rtu\debug\freertos_ip.obj
d:\git\rtos\freertos-plus\sm13\rtu\debug\freertos_sockets.obj
d:\git\rtos\freertos-plus\sm13\rtu\debug\freertos_stream_buffer.obj
d:\git\rtos\freertos-plus\sm13\rtu\debug\freertos_tcp_ip.obj
d:\git\rtos\freertos-plus\sm13\rtu\debug\freertos_tcp_win.obj
d:\git\rtos\freertos-plus\sm13\rtu\debug\freertos_udp_ip.obj
d:\git\rtos\freertos-plus\sm13\rtu\debug\bufferallocation_2.obj
d:\git\rtos\freertos-plus\sm13\rtu\debug\networkinterface.obj
d:\git\rtos\freertos-plus\sm13\rtu\debug\demo_logging.obj
d:\git\rtos\freertos-plus\sm13\rtu\debug\main.obj
d:\git\rtos\freertos-plus\sm13\rtu\debug\arm.obj
d:\git\rtos\freertos-plus\sm13\rtu\debug\lift.obj
d:\git\rtos\freertos-plus\sm13\rtu\debug\net_values.obj
d:\git\rtos\freertos-plus\sm13\rtu\debug\pole.obj
d:\git\rtos\freertos-plus\sm13\rtu\debug\task_trigger.obj
d:\git\rtos\freertos-plus\sm13\rtu\debug\tasks.sbr
d:\git\rtos\freertos-plus\sm13\rtu\debug\queue.sbr
d:\git\rtos\freertos-plus\sm13\rtu\debug\port.sbr
d:\git\rtos\freertos-plus\sm13\rtu\debug\heap_4.sbr
d:\git\rtos\freertos-plus\sm13\rtu\debug\list.sbr
d:\git\rtos\freertos-plus\sm13\rtu\debug\event_groups.sbr
d:\git\rtos\freertos-plus\sm13\rtu\debug\event_groups.obj
d:\git\rtos\freertos-plus\sm13\rtu\debug\list.obj
d:\git\rtos\freertos-plus\sm13\rtu\debug\heap_4.obj
d:\git\rtos\freertos-plus\sm13\rtu\debug\port.obj
d:\git\rtos\freertos-plus\sm13\rtu\debug\queue.obj
d:\git\rtos\freertos-plus\sm13\rtu\debug\tasks.obj
d:\git\rtos\freertos-plus\sm13\rtu\debug\rtosdemo.tlog\cl.command.1.tlog
d:\git\rtos\freertos-plus\sm13\rtu\debug\rtosdemo.tlog\cl.read.1.tlog
d:\git\rtos\freertos-plus\sm13\rtu\debug\rtosdemo.tlog\cl.write.1.tlog
